start creation gen:0
end creation gen0
start gen: 0
 - Match 0 Score 1301  Chromosome =  [0.9885241  0.9200585  0.36324811 0.22269878 0.73893283 0.57720569
 0.07666857]
 - Match 1 Score 1501  Chromosome =  [0.9885241  0.9200585  0.36324811 0.22269878 0.73893283 0.57720569
 0.07666857]
 - Match 2 Score 1421  Chromosome =  [0.9885241  0.9200585  0.36324811 0.22269878 0.73893283 0.57720569
 0.07666857]
Gen  0  Run  0  AvgScore  1407.6666666666667
 - Match 0 Score 578  Chromosome =  [0.17676205 0.74693456 0.08718729 0.1458124  0.33514522 0.84794449
 0.06330628]
 - Match 1 Score 310  Chromosome =  [0.17676205 0.74693456 0.08718729 0.1458124  0.33514522 0.84794449
 0.06330628]
 - Match 2 Score 1361  Chromosome =  [0.17676205 0.74693456 0.08718729 0.1458124  0.33514522 0.84794449
 0.06330628]
Gen  0  Run  1  AvgScore  749.6666666666666
 - Match 0 Score 476  Chromosome =  [0.49696203 0.25530042 0.15481349 0.62118008 0.18369623 0.30989241
 0.03792811]
 - Match 1 Score 957  Chromosome =  [0.49696203 0.25530042 0.15481349 0.62118008 0.18369623 0.30989241
 0.03792811]
 - Match 2 Score 1301  Chromosome =  [0.49696203 0.25530042 0.15481349 0.62118008 0.18369623 0.30989241
 0.03792811]
Gen  0  Run  2  AvgScore  911.3333333333334
 - Match 0 Score 1011  Chromosome =  [0.79035599 0.14268662 0.81936607 0.42925143 0.8709303  0.7010807
 0.16768755]
 - Match 1 Score 496  Chromosome =  [0.79035599 0.14268662 0.81936607 0.42925143 0.8709303  0.7010807
 0.16768755]
 - Match 2 Score 576  Chromosome =  [0.79035599 0.14268662 0.81936607 0.42925143 0.8709303  0.7010807
 0.16768755]
Gen  0  Run  3  AvgScore  694.3333333333334
 - Match 0 Score 539  Chromosome =  [0.22532933 0.47603434 0.9927051  0.83210601 0.88601181 0.81972234
 0.17942513]
 - Match 1 Score 271  Chromosome =  [0.22532933 0.47603434 0.9927051  0.83210601 0.88601181 0.81972234
 0.17942513]
 - Match 2 Score 619  Chromosome =  [0.22532933 0.47603434 0.9927051  0.83210601 0.88601181 0.81972234
 0.17942513]
Gen  0  Run  4  AvgScore  476.3333333333333
 - Match 0 Score 973  Chromosome =  [0.70254553 0.8810261  0.9289458  0.23569494 0.14634021 0.8503261
 0.2296437 ]
 - Match 1 Score 517  Chromosome =  [0.70254553 0.8810261  0.9289458  0.23569494 0.14634021 0.8503261
 0.2296437 ]
 - Match 2 Score 762  Chromosome =  [0.70254553 0.8810261  0.9289458  0.23569494 0.14634021 0.8503261
 0.2296437 ]
Gen  0  Run  5  AvgScore  750.6666666666666
 - Match 0 Score 1966  Chromosome =  [0.28491625 0.46978843 0.24897391 0.4492349  0.29014326 0.08801329
 0.91155069]
 - Match 1 Score 210  Chromosome =  [0.28491625 0.46978843 0.24897391 0.4492349  0.29014326 0.08801329
 0.91155069]
 - Match 2 Score 1840  Chromosome =  [0.28491625 0.46978843 0.24897391 0.4492349  0.29014326 0.08801329
 0.91155069]
Gen  0  Run  6  AvgScore  1338.6666666666667
 - Match 0 Score 1761  Chromosome =  [0.36950732 0.73896915 0.56892127 0.31287739 0.99646668 0.220013
 0.57299571]
 - Match 1 Score 1341  Chromosome =  [0.36950732 0.73896915 0.56892127 0.31287739 0.99646668 0.220013
 0.57299571]
 - Match 2 Score 1701  Chromosome =  [0.36950732 0.73896915 0.56892127 0.31287739 0.99646668 0.220013
 0.57299571]
Gen  0  Run  7  AvgScore  1601.0
Full Generation =  [array([0.9885241 , 0.9200585 , 0.36324811, 0.22269878, 0.73893283,
       0.57720569, 0.07666857]), array([0.17676205, 0.74693456, 0.08718729, 0.1458124 , 0.33514522,
       0.84794449, 0.06330628]), array([0.49696203, 0.25530042, 0.15481349, 0.62118008, 0.18369623,
       0.30989241, 0.03792811]), array([0.79035599, 0.14268662, 0.81936607, 0.42925143, 0.8709303 ,
       0.7010807 , 0.16768755]), array([0.22532933, 0.47603434, 0.9927051 , 0.83210601, 0.88601181,
       0.81972234, 0.17942513]), array([0.70254553, 0.8810261 , 0.9289458 , 0.23569494, 0.14634021,
       0.8503261 , 0.2296437 ]), array([0.28491625, 0.46978843, 0.24897391, 0.4492349 , 0.29014326,
       0.08801329, 0.91155069]), array([0.36950732, 0.73896915, 0.56892127, 0.31287739, 0.99646668,
       0.220013  , 0.57299571])]
end gen: 0
