start creation gen:0
end creation gen0
start gen: 0
 - Match 0 Score 776  Chromosome =  [0.34562163 0.11634838 0.29633135 0.76839912 0.35803726 0.05365771
 0.73231285]
 - Match 1 Score 1178  Chromosome =  [0.34562163 0.11634838 0.29633135 0.76839912 0.35803726 0.05365771
 0.73231285]
 - Match 2 Score 659  Chromosome =  [0.34562163 0.11634838 0.29633135 0.76839912 0.35803726 0.05365771
 0.73231285]
Gen  0  Run  0  AvgScore  871.0
 - Match 0 Score 1501  Chromosome =  [0.96975135 0.16932437 0.45758243 0.06792954 0.92151807 0.33621223
 0.14280555]
 - Match 1 Score 1017  Chromosome =  [0.96975135 0.16932437 0.45758243 0.06792954 0.92151807 0.33621223
 0.14280555]
 - Match 2 Score 1117  Chromosome =  [0.96975135 0.16932437 0.45758243 0.06792954 0.92151807 0.33621223
 0.14280555]
Gen  0  Run  1  AvgScore  1211.6666666666667
************************* Start PAUSE ************************
************************* End PAUSE **************************
 - Match 0 Score 17026  Chromosome =  [0.47507374 0.73119723 0.04248484 0.07550925 0.77969566 0.04311072
 0.18934421]
 - Match 1 Score 67461  Chromosome =  [0.47507374 0.73119723 0.04248484 0.07550925 0.77969566 0.04311072
 0.18934421]
 - Match 2 Score 75061  Chromosome =  [0.47507374 0.73119723 0.04248484 0.07550925 0.77969566 0.04311072
 0.18934421]
Gen  0  Run  2  AvgScore  53182.666666666664
 - Match 0 Score 1969  Chromosome =  [0.72534827 0.66088721 0.59298454 0.81498817 0.78903047 0.4175773
 0.50290523]
 - Match 1 Score 1343  Chromosome =  [0.72534827 0.66088721 0.59298454 0.81498817 0.78903047 0.4175773
 0.50290523]
 - Match 2 Score 1490  Chromosome =  [0.72534827 0.66088721 0.59298454 0.81498817 0.78903047 0.4175773
 0.50290523]
Gen  0  Run  3  AvgScore  1600.6666666666667
 - Match 0 Score 5883  Chromosome =  [1.73409404 0.77011012 0.0722026  0.26315934 0.37615071 0.25736796
 0.51157387]
 - Match 1 Score 5478  Chromosome =  [1.73409404 0.77011012 0.0722026  0.26315934 0.37615071 0.25736796
 0.51157387]
 - Match 2 Score 2598  Chromosome =  [1.73409404 0.77011012 0.0722026  0.26315934 0.37615071 0.25736796
 0.51157387]
Gen  0  Run  4  AvgScore  4653.0
 - Match 0 Score 1572  Chromosome =  [1.57929525 0.29094124 0.93686957 0.41811722 0.43211325 0.00194941
 0.2532526 ]
 - Match 1 Score 5502  Chromosome =  [1.57929525 0.29094124 0.93686957 0.41811722 0.43211325 0.00194941
 0.2532526 ]
 - Match 2 Score 2994  Chromosome =  [1.57929525 0.29094124 0.93686957 0.41811722 0.43211325 0.00194941
 0.2532526 ]
Gen  0  Run  5  AvgScore  3356.0
 - Match 0 Score 1503  Chromosome =  [1.46078441 0.44476639 0.97828148 0.95266543 0.42813897 0.19868387
 0.0573552 ]
 - Match 1 Score 1054  Chromosome =  [1.46078441 0.44476639 0.97828148 0.95266543 0.42813897 0.19868387
 0.0573552 ]
 - Match 2 Score 3144  Chromosome =  [1.46078441 0.44476639 0.97828148 0.95266543 0.42813897 0.19868387
 0.0573552 ]
Gen  0  Run  6  AvgScore  1900.3333333333333
 - Match 0 Score 1019  Chromosome =  [0.25366152 0.45458598 0.24001    0.37610372 0.41601218 0.38328185
 0.22661374]
 - Match 1 Score 973  Chromosome =  [0.25366152 0.45458598 0.24001    0.37610372 0.41601218 0.38328185
 0.22661374]
 - Match 2 Score 1014  Chromosome =  [0.25366152 0.45458598 0.24001    0.37610372 0.41601218 0.38328185
 0.22661374]
Gen  0  Run  7  AvgScore  1002.0
Full Generation =  [array([0.34562163, 0.11634838, 0.29633135, 0.76839912, 0.35803726,
       0.05365771, 0.73231285]), array([0.96975135, 0.16932437, 0.45758243, 0.06792954, 0.92151807,
       0.33621223, 0.14280555]), array([0.47507374, 0.73119723, 0.04248484, 0.07550925, 0.77969566,
       0.04311072, 0.18934421]), array([0.72534827, 0.66088721, 0.59298454, 0.81498817, 0.78903047,
       0.4175773 , 0.50290523]), array([1.73409404, 0.77011012, 0.0722026 , 0.26315934, 0.37615071,
       0.25736796, 0.51157387]), array([1.57929525, 0.29094124, 0.93686957, 0.41811722, 0.43211325,
       0.00194941, 0.2532526 ]), array([1.46078441, 0.44476639, 0.97828148, 0.95266543, 0.42813897,
       0.19868387, 0.0573552 ]), array([0.25366152, 0.45458598, 0.24001   , 0.37610372, 0.41601218,
       0.38328185, 0.22661374])]
end gen: 0
7
start gen: 1
