start creation gen:0
end creation gen0
start gen: 0
 - Match 0 Score 1088  Chromosome =  [0.26583883 0.75378876 0.85878027 0.61632954 0.8326576  0.31708046
 0.51834185]
 - Match 1 Score 3928  Chromosome =  [0.26583883 0.75378876 0.85878027 0.61632954 0.8326576  0.31708046
 0.51834185]
 - Match 2 Score 5170  Chromosome =  [0.26583883 0.75378876 0.85878027 0.61632954 0.8326576  0.31708046
 0.51834185]
Gen  0  Run  0  AvgScore  3395.3333333333335
 - Match 0 Score 1624  Chromosome =  [0.05023728 0.73817542 0.35261854 0.72145715 0.53613617 0.22273576
 0.82848028]
 - Match 1 Score 1597  Chromosome =  [0.05023728 0.73817542 0.35261854 0.72145715 0.53613617 0.22273576
 0.82848028]
 - Match 2 Score 1210  Chromosome =  [0.05023728 0.73817542 0.35261854 0.72145715 0.53613617 0.22273576
 0.82848028]
Gen  0  Run  1  AvgScore  1477.0
 - Match 0 Score 1177  Chromosome =  [0.21212541 0.88410371 0.15922592 0.8015127  0.65806066 0.73681651
 0.03511319]
 - Match 1 Score 2273  Chromosome =  [0.21212541 0.88410371 0.15922592 0.8015127  0.65806066 0.73681651
 0.03511319]
 - Match 2 Score 1680  Chromosome =  [0.21212541 0.88410371 0.15922592 0.8015127  0.65806066 0.73681651
 0.03511319]
Gen  0  Run  2  AvgScore  1710.0
 - Match 0 Score 910  Chromosome =  [0.40895818 0.1831285  0.81185401 0.73793963 0.94210649 0.60794717
 0.52083446]
 - Match 1 Score 226  Chromosome =  [0.40895818 0.1831285  0.81185401 0.73793963 0.94210649 0.60794717
 0.52083446]
 - Match 2 Score 639  Chromosome =  [0.40895818 0.1831285  0.81185401 0.73793963 0.94210649 0.60794717
 0.52083446]
Gen  0  Run  3  AvgScore  591.6666666666666
Full Generation =  [array([0.26583883, 0.75378876, 0.85878027, 0.61632954, 0.8326576 ,
       0.31708046, 0.51834185]), array([0.05023728, 0.73817542, 0.35261854, 0.72145715, 0.53613617,
       0.22273576, 0.82848028]), array([0.21212541, 0.88410371, 0.15922592, 0.8015127 , 0.65806066,
       0.73681651, 0.03511319]), array([0.40895818, 0.1831285 , 0.81185401, 0.73793963, 0.94210649,
       0.60794717, 0.52083446])]
end gen: 0
7
start gen: 1
