start creation gen:0
end creation gen0
start gen: 0
 - Match 0 Score 704  Chromosome =  [0.06966205 0.33692404 0.46464087 0.09390786 0.58753823 0.44314328
 0.96320156]
 - Match 1 Score 849  Chromosome =  [0.06966205 0.33692404 0.46464087 0.09390786 0.58753823 0.44314328
 0.96320156]
 - Match 2 Score 157  Chromosome =  [0.06966205 0.33692404 0.46464087 0.09390786 0.58753823 0.44314328
 0.96320156]
Gen  0  Run  0  AvgScore  570.0
 - Match 0 Score 1261  Chromosome =  [0.5497943  0.25848803 0.56482471 0.68147145 0.10788514 0.2687646
 0.61769793]
 - Match 1 Score 893  Chromosome =  [0.5497943  0.25848803 0.56482471 0.68147145 0.10788514 0.2687646
 0.61769793]
 - Match 2 Score 907  Chromosome =  [0.5497943  0.25848803 0.56482471 0.68147145 0.10788514 0.2687646
 0.61769793]
Gen  0  Run  1  AvgScore  1020.3333333333334
 - Match 0 Score 500  Chromosome =  [0.5082959  0.91624421 0.47146725 0.79097152 0.85107551 0.87554368
 0.87812717]
 - Match 1 Score 1032  Chromosome =  [0.5082959  0.91624421 0.47146725 0.79097152 0.85107551 0.87554368
 0.87812717]
 - Match 2 Score 475  Chromosome =  [0.5082959  0.91624421 0.47146725 0.79097152 0.85107551 0.87554368
 0.87812717]
Gen  0  Run  2  AvgScore  669.0
 - Match 0 Score 1441  Chromosome =  [0.38087173 0.66634645 0.79510276 0.14330023 0.25260795 0.50653242
 0.45232136]
 - Match 1 Score 1481  Chromosome =  [0.38087173 0.66634645 0.79510276 0.14330023 0.25260795 0.50653242
 0.45232136]
 - Match 2 Score 1481  Chromosome =  [0.38087173 0.66634645 0.79510276 0.14330023 0.25260795 0.50653242
 0.45232136]
Gen  0  Run  3  AvgScore  1467.6666666666667
 - Match 0 Score 680  Chromosome =  [0.66299155 0.81513693 0.77011975 0.10520439 0.56624486 0.88743398
 0.74549631]
 - Match 1 Score 1361  Chromosome =  [0.66299155 0.81513693 0.77011975 0.10520439 0.56624486 0.88743398
 0.74549631]
 - Match 2 Score 1501  Chromosome =  [0.66299155 0.81513693 0.77011975 0.10520439 0.56624486 0.88743398
 0.74549631]
Gen  0  Run  4  AvgScore  1180.6666666666667
 - Match 0 Score 1461  Chromosome =  [0.83821787 0.89747914 0.28746976 0.18527254 0.36195544 0.56884164
 0.02344508]
 - Match 1 Score 1761  Chromosome =  [0.83821787 0.89747914 0.28746976 0.18527254 0.36195544 0.56884164
 0.02344508]
 - Match 2 Score 1541  Chromosome =  [0.83821787 0.89747914 0.28746976 0.18527254 0.36195544 0.56884164
 0.02344508]
Gen  0  Run  5  AvgScore  1587.6666666666667
 - Match 0 Score 265  Chromosome =  [0.88838863 0.71293362 0.9159107  0.25225071 0.27942318 0.16415646
 0.7245287 ]
 - Match 1 Score 1481  Chromosome =  [0.88838863 0.71293362 0.9159107  0.25225071 0.27942318 0.16415646
 0.7245287 ]
 - Match 2 Score 2001  Chromosome =  [0.88838863 0.71293362 0.9159107  0.25225071 0.27942318 0.16415646
 0.7245287 ]
Gen  0  Run  6  AvgScore  1249.0
 - Match 0 Score 1496  Chromosome =  [0.20527883 0.17052338 0.49275605 0.19541679 0.90460251 0.01230482
 0.01441608]
 - Match 1 Score 1661  Chromosome =  [0.20527883 0.17052338 0.49275605 0.19541679 0.90460251 0.01230482
 0.01441608]
 - Match 2 Score 1281  Chromosome =  [0.20527883 0.17052338 0.49275605 0.19541679 0.90460251 0.01230482
 0.01441608]
Gen  0  Run  7  AvgScore  1479.3333333333333
Full Generation =  [array([0.06966205, 0.33692404, 0.46464087, 0.09390786, 0.58753823,
       0.44314328, 0.96320156]), array([0.5497943 , 0.25848803, 0.56482471, 0.68147145, 0.10788514,
       0.2687646 , 0.61769793]), array([0.5082959 , 0.91624421, 0.47146725, 0.79097152, 0.85107551,
       0.87554368, 0.87812717]), array([0.38087173, 0.66634645, 0.79510276, 0.14330023, 0.25260795,
       0.50653242, 0.45232136]), array([0.66299155, 0.81513693, 0.77011975, 0.10520439, 0.56624486,
       0.88743398, 0.74549631]), array([0.83821787, 0.89747914, 0.28746976, 0.18527254, 0.36195544,
       0.56884164, 0.02344508]), array([0.88838863, 0.71293362, 0.9159107 , 0.25225071, 0.27942318,
       0.16415646, 0.7245287 ]), array([0.20527883, 0.17052338, 0.49275605, 0.19541679, 0.90460251,
       0.01230482, 0.01441608])]
end gen: 0
8
start gen: 1
 - Match 0 Score 1661  Chromosome =  [0.8382178724439898, 0.9068616726097392, 0.579468502763737, 0.4881220305517343, 0.6065154735851829, 0.7221926589268366, 0.023445080074264713]
 - Match 1 Score 1541  Chromosome =  [0.8382178724439898, 0.9068616726097392, 0.579468502763737, 0.4881220305517343, 0.6065154735851829, 0.7221926589268366, 0.023445080074264713]
 - Match 2 Score 891  Chromosome =  [0.8382178724439898, 0.9068616726097392, 0.579468502763737, 0.4881220305517343, 0.6065154735851829, 0.7221926589268366, 0.023445080074264713]
Gen  1  Run  0  AvgScore  1364.3333333333333
 - Match 0 Score 1541  Chromosome =  [0.7756900921910319, 0.7640352744889953, 0.8430152265902429, 0.17872755008286578, 0.5662448588443296, 0.5257952179137766, 0.7350125017752814]
 - Match 1 Score 1841  Chromosome =  [0.7756900921910319, 0.7640352744889953, 0.8430152265902429, 0.17872755008286578, 0.5662448588443296, 0.5257952179137766, 0.7350125017752814]
 - Match 2 Score 1561  Chromosome =  [0.7756900921910319, 0.7640352744889953, 0.8430152265902429, 0.17872755008286578, 0.5662448588443296, 0.5257952179137766, 0.7350125017752814]
Gen  1  Run  1  AvgScore  1647.6666666666667
 - Match 0 Score 1157  Chromosome =  [0.22526689197178706, 0.5016352474361889, 0.6298718191972524, 0.11860404351024406, 0.4200730915808345, 0.474837850770984, 0.7077614623092902]
 - Match 1 Score 311  Chromosome =  [0.22526689197178706, 0.5016352474361889, 0.6298718191972524, 0.11860404351024406, 0.4200730915808345, 0.474837850770984, 0.7077614623092902]
 - Match 2 Score 533  Chromosome =  [0.22526689197178706, 0.5016352474361889, 0.6298718191972524, 0.11860404351024406, 0.4200730915808345, 0.474837850770984, 0.7077614623092902]
Gen  1  Run  2  AvgScore  667.0
 - Match 0 Score 1401  Chromosome =  [0.3775365647184944, 0.21450570764839827, 0.5287903806375842, 0.1954167852847869, 0.10788514474693944, 0.1405347092466619, 0.31605700475597076]
 - Match 1 Score 1111  Chromosome =  [0.3775365647184944, 0.21450570764839827, 0.5287903806375842, 0.1954167852847869, 0.10788514474693944, 0.1405347092466619, 0.31605700475597076]
 - Match 2 Score 719  Chromosome =  [0.3775365647184944, 0.21450570764839827, 0.5287903806375842, 0.1954167852847869, 0.10788514474693944, 0.1405347092466619, 0.31605700475597076]
Gen  1  Run  3  AvgScore  1077.0
 - Match 0 Score 1441  Chromosome =  [0.5082959  0.91624421 0.47146725 0.79097152 0.85107551 0.87554368
 0.87812717]
 - Match 1 Score 514  Chromosome =  [0.5082959  0.91624421 0.47146725 0.79097152 0.85107551 0.87554368
 0.87812717]
 - Match 2 Score 1092  Chromosome =  [0.5082959  0.91624421 0.47146725 0.79097152 0.85107551 0.87554368
 0.87812717]
Gen  1  Run  4  AvgScore  1015.6666666666666
 - Match 0 Score 1501  Chromosome =  [0.83821787 0.89747914 0.28746976 0.18527254 0.36195544 0.56884164
 0.02344508]
 - Match 1 Score 1761  Chromosome =  [0.83821787 0.89747914 0.28746976 0.18527254 0.36195544 0.56884164
 0.02344508]
 - Match 2 Score 1561  Chromosome =  [0.83821787 0.89747914 0.28746976 0.18527254 0.36195544 0.56884164
 0.02344508]
Gen  1  Run  5  AvgScore  1607.6666666666667
 - Match 0 Score 1441  Chromosome =  [0.66299155 0.81513693 0.77011975 0.10520439 0.56624486 0.88743398
 0.74549631]
 - Match 1 Score 790  Chromosome =  [0.66299155 0.81513693 0.77011975 0.10520439 0.56624486 0.88743398
 0.74549631]
 - Match 2 Score 925  Chromosome =  [0.66299155 0.81513693 0.77011975 0.10520439 0.56624486 0.88743398
 0.74549631]
Gen  1  Run  6  AvgScore  1052.0
 - Match 0 Score 2241  Chromosome =  [0.88838863 0.71293362 0.9159107  0.25225071 0.27942318 0.16415646
 0.7245287 ]
 - Match 1 Score 1041  Chromosome =  [0.88838863 0.71293362 0.9159107  0.25225071 0.27942318 0.16415646
 0.7245287 ]
 - Match 2 Score 1221  Chromosome =  [0.88838863 0.71293362 0.9159107  0.25225071 0.27942318 0.16415646
 0.7245287 ]
Gen  1  Run  7  AvgScore  1501.0
Full Generation =  [[0.8382178724439898, 0.9068616726097392, 0.579468502763737, 0.4881220305517343, 0.6065154735851829, 0.7221926589268366, 0.023445080074264713], [0.7756900921910319, 0.7640352744889953, 0.8430152265902429, 0.17872755008286578, 0.5662448588443296, 0.5257952179137766, 0.7350125017752814], [0.22526689197178706, 0.5016352474361889, 0.6298718191972524, 0.11860404351024406, 0.4200730915808345, 0.474837850770984, 0.7077614623092902], [0.3775365647184944, 0.21450570764839827, 0.5287903806375842, 0.1954167852847869, 0.10788514474693944, 0.1405347092466619, 0.31605700475597076], array([0.5082959 , 0.91624421, 0.47146725, 0.79097152, 0.85107551,
       0.87554368, 0.87812717]), array([0.83821787, 0.89747914, 0.28746976, 0.18527254, 0.36195544,
       0.56884164, 0.02344508]), array([0.66299155, 0.81513693, 0.77011975, 0.10520439, 0.56624486,
       0.88743398, 0.74549631]), array([0.88838863, 0.71293362, 0.9159107 , 0.25225071, 0.27942318,
       0.16415646, 0.7245287 ])]