start creation gen:0
end creation gen0
start gen: 0
 - Match 0 Score 1074  Chromosome =  [0.36858335 0.97919313 0.98957472 0.793535   0.80863673 0.54319372
 0.04407273]
 - Match 1 Score 969  Chromosome =  [0.36858335 0.97919313 0.98957472 0.793535   0.80863673 0.54319372
 0.04407273]
 - Match 2 Score 1560  Chromosome =  [0.36858335 0.97919313 0.98957472 0.793535   0.80863673 0.54319372
 0.04407273]
Gen  0  Run  0  AvgScore  1201.0
 - Match 0 Score 782  Chromosome =  [0.49052235 0.16977554 0.97829774 0.59690878 0.98747099 0.35297952
 0.40446006]
 - Match 1 Score 366  Chromosome =  [0.49052235 0.16977554 0.97829774 0.59690878 0.98747099 0.35297952
 0.40446006]
 - Match 2 Score 481  Chromosome =  [0.49052235 0.16977554 0.97829774 0.59690878 0.98747099 0.35297952
 0.40446006]
Gen  0  Run  1  AvgScore  543.0
 - Match 0 Score 726  Chromosome =  [0.22186763 0.55832995 0.81133545 0.83418573 0.67226636 0.5741524
 0.29145568]
 - Match 1 Score 1322  Chromosome =  [0.22186763 0.55832995 0.81133545 0.83418573 0.67226636 0.5741524
 0.29145568]
 - Match 2 Score 826  Chromosome =  [0.22186763 0.55832995 0.81133545 0.83418573 0.67226636 0.5741524
 0.29145568]
Gen  0  Run  2  AvgScore  958.0
 - Match 0 Score 3672  Chromosome =  [0.11676005 0.81311311 0.7216701  0.01565545 0.2747362  0.49094933
 0.5851043 ]
 - Match 1 Score 1730  Chromosome =  [0.11676005 0.81311311 0.7216701  0.01565545 0.2747362  0.49094933
 0.5851043 ]
 - Match 2 Score 1526  Chromosome =  [0.11676005 0.81311311 0.7216701  0.01565545 0.2747362  0.49094933
 0.5851043 ]
Gen  0  Run  3  AvgScore  2309.3333333333335
 - Match 0 Score 1471  Chromosome =  [0.73825547 0.36629634 0.382541   0.29382863 0.72793494 0.61791188
 0.55886361]
 - Match 1 Score 513  Chromosome =  [0.73825547 0.36629634 0.382541   0.29382863 0.72793494 0.61791188
 0.55886361]
 - Match 2 Score 824  Chromosome =  [0.73825547 0.36629634 0.382541   0.29382863 0.72793494 0.61791188
 0.55886361]
Gen  0  Run  4  AvgScore  936.0
 - Match 0 Score 223  Chromosome =  [0.26852348 0.05183877 0.64508062 0.7191849  0.26161298 0.76603306
 0.30666721]
 - Match 1 Score 146  Chromosome =  [0.26852348 0.05183877 0.64508062 0.7191849  0.26161298 0.76603306
 0.30666721]
 - Match 2 Score 351  Chromosome =  [0.26852348 0.05183877 0.64508062 0.7191849  0.26161298 0.76603306
 0.30666721]
Gen  0  Run  5  AvgScore  240.0
 - Match 0 Score 3500  Chromosome =  [0.6458024  0.56724995 0.3008045  0.61675711 0.44755008 0.483609
 0.87592717]
 - Match 1 Score 1985  Chromosome =  [0.6458024  0.56724995 0.3008045  0.61675711 0.44755008 0.483609
 0.87592717]
 - Match 2 Score 2174  Chromosome =  [0.6458024  0.56724995 0.3008045  0.61675711 0.44755008 0.483609
 0.87592717]
Gen  0  Run  6  AvgScore  2553.0
 - Match 0 Score 8060  Chromosome =  [0.94262248 0.68304023 0.72319684 0.51298471 0.87743203 0.19746384
 0.13332727]
 - Match 1 Score 2751  Chromosome =  [0.94262248 0.68304023 0.72319684 0.51298471 0.87743203 0.19746384
 0.13332727]
 - Match 2 Score 4652  Chromosome =  [0.94262248 0.68304023 0.72319684 0.51298471 0.87743203 0.19746384
 0.13332727]
Gen  0  Run  7  AvgScore  5154.333333333333
 - Match 0 Score 1594  Chromosome =  [0.74516717 0.55430279 0.96283715 0.34045465 0.76138942 0.00250154
 0.76031783]
 - Match 1 Score 1524  Chromosome =  [0.74516717 0.55430279 0.96283715 0.34045465 0.76138942 0.00250154
 0.76031783]
 - Match 2 Score 1730  Chromosome =  [0.74516717 0.55430279 0.96283715 0.34045465 0.76138942 0.00250154
 0.76031783]
Gen  0  Run  8  AvgScore  1616.0
 - Match 0 Score 762  Chromosome =  [0.14627412 0.13735187 0.68207904 0.4123905  0.04647871 0.86019364
 0.70965042]
 - Match 1 Score 266  Chromosome =  [0.14627412 0.13735187 0.68207904 0.4123905  0.04647871 0.86019364
 0.70965042]
 - Match 2 Score 226  Chromosome =  [0.14627412 0.13735187 0.68207904 0.4123905  0.04647871 0.86019364
 0.70965042]
Gen  0  Run  9  AvgScore  418.0
 - Match 0 Score 3016  Chromosome =  [0.02157    0.51321283 0.58096989 0.37541117 0.73409859 0.20397372
 0.55065348]
 - Match 1 Score 678  Chromosome =  [0.02157    0.51321283 0.58096989 0.37541117 0.73409859 0.20397372
 0.55065348]
 - Match 2 Score 2967  Chromosome =  [0.02157    0.51321283 0.58096989 0.37541117 0.73409859 0.20397372
 0.55065348]
Gen  0  Run  10  AvgScore  2220.3333333333335
 - Match 0 Score 1076  Chromosome =  [0.05300706 0.65113968 0.18693558 0.82738089 0.61106917 0.72838412
 0.8140336 ]
 - Match 1 Score 745  Chromosome =  [0.05300706 0.65113968 0.18693558 0.82738089 0.61106917 0.72838412
 0.8140336 ]
 - Match 2 Score 866  Chromosome =  [0.05300706 0.65113968 0.18693558 0.82738089 0.61106917 0.72838412
 0.8140336 ]
Gen  0  Run  11  AvgScore  895.6666666666666
 - Match 0 Score 5640  Chromosome =  [0.88667514 0.84822518 0.48461011 0.27009346 0.27908627 0.2493165
 0.87532994]
 - Match 1 Score 3731  Chromosome =  [0.88667514 0.84822518 0.48461011 0.27009346 0.27908627 0.2493165
 0.87532994]
 - Match 2 Score 4349  Chromosome =  [0.88667514 0.84822518 0.48461011 0.27009346 0.27908627 0.2493165
 0.87532994]
Gen  0  Run  12  AvgScore  4573.333333333333
 - Match 0 Score 455  Chromosome =  [0.04375295 0.27165225 0.26615654 0.9776149  0.30458972 0.95973952
 0.55302505]
 - Match 1 Score 345  Chromosome =  [0.04375295 0.27165225 0.26615654 0.9776149  0.30458972 0.95973952
 0.55302505]
 - Match 2 Score 271  Chromosome =  [0.04375295 0.27165225 0.26615654 0.9776149  0.30458972 0.95973952
 0.55302505]
Gen  0  Run  13  AvgScore  357.0
 - Match 0 Score 680  Chromosome =  [0.630936   0.637276   0.3653649  0.84034093 0.90256205 0.80064245
 0.48495118]
 - Match 1 Score 1079  Chromosome =  [0.630936   0.637276   0.3653649  0.84034093 0.90256205 0.80064245
 0.48495118]
 - Match 2 Score 433  Chromosome =  [0.630936   0.637276   0.3653649  0.84034093 0.90256205 0.80064245
 0.48495118]
Gen  0  Run  14  AvgScore  730.6666666666666
 - Match 0 Score 1635  Chromosome =  [0.02232935 0.98848471 0.64067424 0.71290389 0.68262677 0.12022392
 0.61538659]
 - Match 1 Score 854  Chromosome =  [0.02232935 0.98848471 0.64067424 0.71290389 0.68262677 0.12022392
 0.61538659]
 - Match 2 Score 1219  Chromosome =  [0.02232935 0.98848471 0.64067424 0.71290389 0.68262677 0.12022392
 0.61538659]
Gen  0  Run  15  AvgScore  1236.0
Full Generation =  [array([0.36858335, 0.97919313, 0.98957472, 0.793535  , 0.80863673,
       0.54319372, 0.04407273]), array([0.49052235, 0.16977554, 0.97829774, 0.59690878, 0.98747099,
       0.35297952, 0.40446006]), array([0.22186763, 0.55832995, 0.81133545, 0.83418573, 0.67226636,
       0.5741524 , 0.29145568]), array([0.11676005, 0.81311311, 0.7216701 , 0.01565545, 0.2747362 ,
       0.49094933, 0.5851043 ]), array([0.73825547, 0.36629634, 0.382541  , 0.29382863, 0.72793494,
       0.61791188, 0.55886361]), array([0.26852348, 0.05183877, 0.64508062, 0.7191849 , 0.26161298,
       0.76603306, 0.30666721]), array([0.6458024 , 0.56724995, 0.3008045 , 0.61675711, 0.44755008,
       0.483609  , 0.87592717]), array([0.94262248, 0.68304023, 0.72319684, 0.51298471, 0.87743203,
       0.19746384, 0.13332727]), array([0.74516717, 0.55430279, 0.96283715, 0.34045465, 0.76138942,
       0.00250154, 0.76031783]), array([0.14627412, 0.13735187, 0.68207904, 0.4123905 , 0.04647871,
       0.86019364, 0.70965042]), array([0.02157   , 0.51321283, 0.58096989, 0.37541117, 0.73409859,
       0.20397372, 0.55065348]), array([0.05300706, 0.65113968, 0.18693558, 0.82738089, 0.61106917,
       0.72838412, 0.8140336 ]), array([0.88667514, 0.84822518, 0.48461011, 0.27009346, 0.27908627,
       0.2493165 , 0.87532994]), array([0.04375295, 0.27165225, 0.26615654, 0.9776149 , 0.30458972,
       0.95973952, 0.55302505]), array([0.630936  , 0.637276  , 0.3653649 , 0.84034093, 0.90256205,
       0.80064245, 0.48495118]), array([0.02232935, 0.98848471, 0.64067424, 0.71290389, 0.68262677,
       0.12022392, 0.61538659])]
end gen: 0
16
start gen: 1
 - Match 0 Score 577  Chromosome =  [0.29545635343688603, 0.9791931299278317, 0.8151244811416254, 0.7532194467333564, 0.7456317485178071, 0.7317088198507906, 0.8297296590374418]
 - Match 1 Score 1790  Chromosome =  [0.29545635343688603, 0.9791931299278317, 0.8151244811416254, 0.7532194467333564, 0.7456317485178071, 0.7317088198507906, 0.8297296590374418]
 - Match 2 Score 2292  Chromosome =  [0.29545635343688603, 0.9791931299278317, 0.8151244811416254, 0.7532194467333564, 0.7456317485178071, 0.7317088198507906, 0.8297296590374418]
Gen  1  Run  0  AvgScore  1553.0
 - Match 0 Score 9424  Chromosome =  [0.5017175962377545, 0.8306691455868578, 0.6031401061314068, 0.14287445602065363, 0.2769112323588084, 0.37013291499088136, 0.7302171221006051]
 - Match 1 Score 4027  Chromosome =  [0.5017175962377545, 0.8306691455868578, 0.6031401061314068, 0.14287445602065363, 0.2769112323588084, 0.37013291499088136, 0.7302171221006051]
 - Match 2 Score 6906  Chromosome =  [0.5017175962377545, 0.8306691455868578, 0.6031401061314068, 0.14287445602065363, 0.2769112323588084, 0.37013291499088136, 0.7302171221006051]
Gen  1  Run  1  AvgScore  6785.666666666667
 - Match 0 Score 1222  Chromosome =  [0.49781477317712025, 0.6670899545606027, 0.45506620595932323, 0.6701828025714172, 0.7442506002974054, 0.4629239816502341, 0.4736804331130972]
 - Match 1 Score 2131  Chromosome =  [0.49781477317712025, 0.6670899545606027, 0.45506620595932323, 0.6701828025714172, 0.7442506002974054, 0.4629239816502341, 0.4736804331130972]
 - Match 2 Score 2336  Chromosome =  [0.49781477317712025, 0.6670899545606027, 0.45506620595932323, 0.6701828025714172, 0.7442506002974054, 0.4629239816502341, 0.4736804331130972]
Gen  1  Run  2  AvgScore  1896.3333333333333
 - Match 0 Score 1015  Chromosome =  [0.6383691974407955, 0.6022629784104585, 0.33308469926040024, 0.7285490219361952, 0.6750560638761756, 0.6421257262375089, 0.6804391723212112]
 - Match 1 Score 1196  Chromosome =  [0.6383691974407955, 0.6022629784104585, 0.33308469926040024, 0.7285490219361952, 0.6750560638761756, 0.6421257262375089, 0.6804391723212112]
 - Match 2 Score 971  Chromosome =  [0.6383691974407955, 0.6022629784104585, 0.33308469926040024, 0.7285490219361952, 0.6750560638761756, 0.6421257262375089, 0.6804391723212112]
Gen  1  Run  3  AvgScore  1060.6666666666667
 - Match 0 Score 2006  Chromosome =  [0.745167167141195, 0.55631637253392, 1.3870862994035893, 0.5873201869610616, 0.6722663625233815, 0.28832697219618497, 0.2914556816770333]
 - Match 1 Score 1094  Chromosome =  [0.745167167141195, 0.55631637253392, 1.3870862994035893, 0.5873201869610616, 0.6722663625233815, 0.28832697219618497, 0.2914556816770333]
 - Match 2 Score 2865  Chromosome =  [0.745167167141195, 0.55631637253392, 1.3870862994035893, 0.5873201869610616, 0.6722663625233815, 0.28832697219618497, 0.2914556816770333]
Gen  1  Run  4  AvgScore  1988.3333333333333
 - Match 0 Score 227  Chromosome =  [0.3799127330569941, 0.4397545875438485, 0.48175544520672314, 0.3346198979923035, 0.7340985884528295, 0.41094280079784185, 0.5547585468120851]
 - Match 1 Score 1118  Chromosome =  [0.3799127330569941, 0.4397545875438485, 0.48175544520672314, 0.3346198979923035, 0.7340985884528295, 0.41094280079784185, 0.5547585468120851]
 - Match 2 Score 392  Chromosome =  [0.3799127330569941, 0.4397545875438485, 0.48175544520672314, 0.3346198979923035, 0.7340985884528295, 0.41094280079784185, 0.5547585468120851]
Gen  1  Run  5  AvgScore  579.0
 - Match 0 Score 825  Chromosome =  [0.6671376464710029, 0.5207138948950276, 0.6222271434985065, 0.7872618406995113, 0.6460303538245286, 0.6563595234624449, 0.4787425514303644]
 - Match 1 Score 534  Chromosome =  [0.6671376464710029, 0.5207138948950276, 0.6222271434985065, 0.7872618406995113, 0.6460303538245286, 0.6563595234624449, 0.4787425514303644]
 - Match 2 Score 660  Chromosome =  [0.6671376464710029, 0.5207138948950276, 0.6222271434985065, 0.7872618406995113, 0.6460303538245286, 0.6563595234624449, 0.4787425514303644]
Gen  1  Run  6  AvgScore  673.0
 - Match 0 Score 351  Chromosome =  [0.5073988005712287, 0.09459531933917265, 0.6635798280852967, 0.5657876974407706, 0.35404584241250137, 0.8131133512650452, 0.3066672072235188]
 - Match 1 Score 272  Chromosome =  [0.5073988005712287, 0.09459531933917265, 0.6635798280852967, 0.5657876974407706, 0.35404584241250137, 0.8131133512650452, 0.3066672072235188]
 - Match 2 Score 142  Chromosome =  [0.5073988005712287, 0.09459531933917265, 0.6635798280852967, 0.5657876974407706, 0.35404584241250137, 0.8131133512650452, 0.3066672072235188]
Gen  1  Run  7  AvgScore  255.0
 - Match 0 Score 2153  Chromosome =  [0.02232935 0.98848471 0.64067424 0.71290389 0.68262677 0.12022392
 0.61538659]
 - Match 1 Score 1781  Chromosome =  [0.02232935 0.98848471 0.64067424 0.71290389 0.68262677 0.12022392
 0.61538659]
 - Match 2 Score 4955  Chromosome =  [0.02232935 0.98848471 0.64067424 0.71290389 0.68262677 0.12022392
 0.61538659]
Gen  1  Run  8  AvgScore  2963.0
 - Match 0 Score 908  Chromosome =  [0.36858335 0.97919313 0.98957472 0.793535   0.80863673 0.54319372
 0.04407273]
 - Match 1 Score 1606  Chromosome =  [0.36858335 0.97919313 0.98957472 0.793535   0.80863673 0.54319372
 0.04407273]
 - Match 2 Score 3381  Chromosome =  [0.36858335 0.97919313 0.98957472 0.793535   0.80863673 0.54319372
 0.04407273]
Gen  1  Run  9  AvgScore  1965.0
 - Match 0 Score 2432  Chromosome =  [0.88667514 0.84822518 0.48461011 0.27009346 0.27908627 0.2493165
 0.87532994]
 - Match 1 Score 7901  Chromosome =  [0.88667514 0.84822518 0.48461011 0.27009346 0.27908627 0.2493165
 0.87532994]
 - Match 2 Score 10473  Chromosome =  [0.88667514 0.84822518 0.48461011 0.27009346 0.27908627 0.2493165
 0.87532994]
Gen  1  Run  10  AvgScore  6935.333333333333
 - Match 0 Score 2679  Chromosome =  [0.11676005 0.81311311 0.7216701  0.01565545 0.2747362  0.49094933
 0.5851043 ]
 - Match 1 Score 945  Chromosome =  [0.11676005 0.81311311 0.7216701  0.01565545 0.2747362  0.49094933
 0.5851043 ]
 - Match 2 Score 1201  Chromosome =  [0.11676005 0.81311311 0.7216701  0.01565545 0.2747362  0.49094933
 0.5851043 ]
Gen  1  Run  11  AvgScore  1608.3333333333333
 - Match 0 Score 2350  Chromosome =  [0.94262248 0.68304023 0.72319684 0.51298471 0.87743203 0.19746384
 0.13332727]
 - Match 1 Score 4768  Chromosome =  [0.94262248 0.68304023 0.72319684 0.51298471 0.87743203 0.19746384
 0.13332727]
 - Match 2 Score 1986  Chromosome =  [0.94262248 0.68304023 0.72319684 0.51298471 0.87743203 0.19746384
 0.13332727]
Gen  1  Run  12  AvgScore  3034.6666666666665
 - Match 0 Score 143  Chromosome =  [0.05300706 0.65113968 0.18693558 0.82738089 0.61106917 0.72838412
 0.8140336 ]
 - Match 1 Score 1035  Chromosome =  [0.05300706 0.65113968 0.18693558 0.82738089 0.61106917 0.72838412
 0.8140336 ]
 - Match 2 Score 478  Chromosome =  [0.05300706 0.65113968 0.18693558 0.82738089 0.61106917 0.72838412
 0.8140336 ]
Gen  1  Run  13  AvgScore  552.0
 - Match 0 Score 870  Chromosome =  [0.630936   0.637276   0.3653649  0.84034093 0.90256205 0.80064245
 0.48495118]
 - Match 1 Score 1202  Chromosome =  [0.630936   0.637276   0.3653649  0.84034093 0.90256205 0.80064245
 0.48495118]
 - Match 2 Score 681  Chromosome =  [0.630936   0.637276   0.3653649  0.84034093 0.90256205 0.80064245
 0.48495118]
Gen  1  Run  14  AvgScore  917.6666666666666
 - Match 0 Score 1654  Chromosome =  [0.6458024  0.56724995 0.3008045  0.61675711 0.44755008 0.483609
 0.87592717]
 - Match 1 Score 1571  Chromosome =  [0.6458024  0.56724995 0.3008045  0.61675711 0.44755008 0.483609
 0.87592717]
 - Match 2 Score 825  Chromosome =  [0.6458024  0.56724995 0.3008045  0.61675711 0.44755008 0.483609
 0.87592717]
Gen  1  Run  15  AvgScore  1350.0
Full Generation =  [[0.29545635343688603, 0.9791931299278317, 0.8151244811416254, 0.7532194467333564, 0.7456317485178071, 0.7317088198507906, 0.8297296590374418], [0.5017175962377545, 0.8306691455868578, 0.6031401061314068, 0.14287445602065363, 0.2769112323588084, 0.37013291499088136, 0.7302171221006051], [0.49781477317712025, 0.6670899545606027, 0.45506620595932323, 0.6701828025714172, 0.7442506002974054, 0.4629239816502341, 0.4736804331130972], [0.6383691974407955, 0.6022629784104585, 0.33308469926040024, 0.7285490219361952, 0.6750560638761756, 0.6421257262375089, 0.6804391723212112], [0.745167167141195, 0.55631637253392, 1.3870862994035893, 0.5873201869610616, 0.6722663625233815, 0.28832697219618497, 0.2914556816770333], [0.3799127330569941, 0.4397545875438485, 0.48175544520672314, 0.3346198979923035, 0.7340985884528295, 0.41094280079784185, 0.5547585468120851], [0.6671376464710029, 0.5207138948950276, 0.6222271434985065, 0.7872618406995113, 0.6460303538245286, 0.6563595234624449, 0.4787425514303644], [0.5073988005712287, 0.09459531933917265, 0.6635798280852967, 0.5657876974407706, 0.35404584241250137, 0.8131133512650452, 0.3066672072235188], array([0.02232935, 0.98848471, 0.64067424, 0.71290389, 0.68262677,
       0.12022392, 0.61538659]), array([0.36858335, 0.97919313, 0.98957472, 0.793535  , 0.80863673,
       0.54319372, 0.04407273]), array([0.88667514, 0.84822518, 0.48461011, 0.27009346, 0.27908627,
       0.2493165 , 0.87532994]), array([0.11676005, 0.81311311, 0.7216701 , 0.01565545, 0.2747362 ,
       0.49094933, 0.5851043 ]), array([0.94262248, 0.68304023, 0.72319684, 0.51298471, 0.87743203,
       0.19746384, 0.13332727]), array([0.05300706, 0.65113968, 0.18693558, 0.82738089, 0.61106917,
       0.72838412, 0.8140336 ]), array([0.630936  , 0.637276  , 0.3653649 , 0.84034093, 0.90256205,
       0.80064245, 0.48495118]), array([0.6458024 , 0.56724995, 0.3008045 , 0.61675711, 0.44755008,
       0.483609  , 0.87592717])]
end gen: 1
16
start gen: 2
 - Match 0 Score 2877  Chromosome =  [0.1588928534162653, 0.9838389212891148, 0.6406742387539643, 0.7330616678325781, 0.7141292578740679, 0.5259663698026734, 0.722558124993598]
 - Match 1 Score 783  Chromosome =  [0.1588928534162653, 0.9838389212891148, 0.6406742387539643, 0.7330616678325781, 0.7141292578740679, 0.5259663698026734, 0.722558124993598]
 - Match 2 Score 2623  Chromosome =  [0.1588928534162653, 0.9838389212891148, 0.6406742387539643, 0.7330616678325781, 0.7141292578740679, 0.5259663698026734, 0.722558124993598]
Gen  2  Run  0  AvgScore  2094.3333333333335
 - Match 0 Score 1304  Chromosome =  [0.6276292456416621, 1.013709154716944, 0.7370924160659522, 1.0318142310748353, 0.5438614995981608, 0.396255108724707, 0.45970133546134456]
 - Match 1 Score 2091  Chromosome =  [0.6276292456416621, 1.013709154716944, 0.7370924160659522, 1.0318142310748353, 0.5438614995981608, 0.396255108724707, 0.45970133546134456]
 - Match 2 Score 2498  Chromosome =  [0.6276292456416621, 1.013709154716944, 0.7370924160659522, 1.0318142310748353, 0.5438614995981608, 0.396255108724707, 0.45970133546134456]
Gen  2  Run  1  AvgScore  1964.3333333333333
 - Match 0 Score 2684  Chromosome =  [0.3092388254540333, 0.8218911286272588, 0.6031401061314068, 0.07926495522360161, 0.27582371384269455, 0.43054112373512754, 0.6576607112521278]
 - Match 1 Score 6232  Chromosome =  [0.3092388254540333, 0.8218911286272588, 0.6031401061314068, 0.07926495522360161, 0.27582371384269455, 0.43054112373512754, 0.6576607112521278]
 - Match 2 Score 5076  Chromosome =  [0.3092388254540333, 0.8218911286272588, 0.6031401061314068, 0.07926495522360161, 0.27582371384269455, 0.43054112373512754, 0.6576607112521278]
Gen  2  Run  2  AvgScore  4664.0
 - Match 0 Score 2086  Chromosome =  [0.7202186273551511, 0.6750650939206465, 0.5891315206344037, 0.5915837566268851, 0.8108413141769677, 0.3301939132057952, 0.3035038497263257]
 - Match 1 Score 1458  Chromosome =  [0.7202186273551511, 0.6750650939206465, 0.5891315206344037, 0.5915837566268851, 0.8108413141769677, 0.3301939132057952, 0.3035038497263257]
 - Match 2 Score 926  Chromosome =  [0.7202186273551511, 0.6750650939206465, 0.5891315206344037, 0.5915837566268851, 0.8108413141769677, 0.3301939132057952, 0.3035038497263257]
Gen  2  Run  3  AvgScore  1490.0
 - Match 0 Score 474  Chromosome =  [0.3419715319702998, 0.6511396758405151, 0.36536490247401543, 0.8338609146215265, 0.6110691725382809, 1.0645132866406493, 0.6494923889743567]
 - Match 1 Score 471  Chromosome =  [0.3419715319702998, 0.6511396758405151, 0.36536490247401543, 0.8338609146215265, 0.6110691725382809, 1.0645132866406493, 0.6494923889743567]
 - Match 2 Score 892  Chromosome =  [0.3419715319702998, 0.6511396758405151, 0.36536490247401543, 0.8338609146215265, 0.6110691725382809, 1.0645132866406493, 0.6494923889743567]
Gen  2  Run  4  AvgScore  612.3333333333334
 - Match 0 Score 663  Chromosome =  [0.6383691974407955, 0.5847564664097311, 0.3169445976535926, 0.672653065513007, 0.5613030723828074, 0.5628673619851698, 0.7781831694507801]
 - Match 1 Score 617  Chromosome =  [0.6383691974407955, 0.5847564664097311, 0.3169445976535926, 0.672653065513007, 0.5613030723828074, 0.5628673619851698, 0.7781831694507801]
 - Match 2 Score 928  Chromosome =  [0.6383691974407955, 0.5847564664097311, 0.3169445976535926, 0.672653065513007, 0.5613030723828074, 0.5628673619851698, 0.7781831694507801]
Gen  2  Run  5  AvgScore  736.0
 - Match 0 Score 811  Chromosome =  [0.7061524068060989, 0.5385151337144738, 1.004656721451048, 0.6872910138302865, 0.659148358173955, 0.4723432478293149, 0.3850991165536989]
 - Match 1 Score 1286  Chromosome =  [0.7061524068060989, 0.5385151337144738, 1.004656721451048, 0.6872910138302865, 0.659148358173955, 0.4723432478293149, 0.3850991165536989]
 - Match 2 Score 993  Chromosome =  [0.7061524068060989, 0.5385151337144738, 1.004656721451048, 0.6872910138302865, 0.659148358173955, 0.4723432478293149, 0.3850991165536989]
Gen  2  Run  6  AvgScore  1030.0
 - Match 0 Score 519  Chromosome =  [0.44365576681411134, 0.26717495344151054, 0.57266763664601, 0.550203797716537, 0.5440722154326654, 0.41094280079784185, 0.9307128770178019]
 - Match 1 Score 396  Chromosome =  [0.44365576681411134, 0.26717495344151054, 0.57266763664601, 0.550203797716537, 0.5440722154326654, 0.41094280079784185, 0.9307128770178019]
 - Match 2 Score 435  Chromosome =  [0.44365576681411134, 0.26717495344151054, 0.57266763664601, 0.550203797716537, 0.5440722154326654, 0.41094280079784185, 0.9307128770178019]
Gen  2  Run  7  AvgScore  450.0
 - Match 0 Score 3996  Chromosome =  [0.02232935 0.98848471 0.64067424 0.71290389 0.68262677 0.12022392
 0.61538659]
 - Match 1 Score 1938  Chromosome =  [0.02232935 0.98848471 0.64067424 0.71290389 0.68262677 0.12022392
 0.61538659]
 - Match 2 Score 1630  Chromosome =  [0.02232935 0.98848471 0.64067424 0.71290389 0.68262677 0.12022392
 0.61538659]
Gen  2  Run  8  AvgScore  2521.3333333333335
 - Match 0 Score 1118  Chromosome =  [0.29545635343688603, 0.9791931299278317, 0.8151244811416254, 0.7532194467333564, 0.7456317485178071, 0.7317088198507906, 0.8297296590374418]
 - Match 1 Score 1718  Chromosome =  [0.29545635343688603, 0.9791931299278317, 0.8151244811416254, 0.7532194467333564, 0.7456317485178071, 0.7317088198507906, 0.8297296590374418]
 - Match 2 Score 1523  Chromosome =  [0.29545635343688603, 0.9791931299278317, 0.8151244811416254, 0.7532194467333564, 0.7456317485178071, 0.7317088198507906, 0.8297296590374418]
Gen  2  Run  9  AvgScore  1453.0
 - Match 0 Score 850  Chromosome =  [0.36858335 0.97919313 0.98957472 0.793535   0.80863673 0.54319372
 0.04407273]
 - Match 1 Score 2021  Chromosome =  [0.36858335 0.97919313 0.98957472 0.793535   0.80863673 0.54319372
 0.04407273]
 - Match 2 Score 1132  Chromosome =  [0.36858335 0.97919313 0.98957472 0.793535   0.80863673 0.54319372
 0.04407273]
Gen  2  Run  10  AvgScore  1334.3333333333333
 - Match 0 Score 2992  Chromosome =  [0.88667514 0.84822518 0.48461011 0.27009346 0.27908627 0.2493165
 0.87532994]
 - Match 1 Score 11257  Chromosome =  [0.88667514 0.84822518 0.48461011 0.27009346 0.27908627 0.2493165
 0.87532994]
 - Match 2 Score 5083  Chromosome =  [0.88667514 0.84822518 0.48461011 0.27009346 0.27908627 0.2493165
 0.87532994]
Gen  2  Run  11  AvgScore  6444.0
 - Match 0 Score 6356  Chromosome =  [0.5017175962377545, 0.8306691455868578, 0.6031401061314068, 0.14287445602065363, 0.2769112323588084, 0.37013291499088136, 0.7302171221006051]
 - Match 1 Score 3143  Chromosome =  [0.5017175962377545, 0.8306691455868578, 0.6031401061314068, 0.14287445602065363, 0.2769112323588084, 0.37013291499088136, 0.7302171221006051]
 - Match 2 Score 2734  Chromosome =  [0.5017175962377545, 0.8306691455868578, 0.6031401061314068, 0.14287445602065363, 0.2769112323588084, 0.37013291499088136, 0.7302171221006051]
Gen  2  Run  12  AvgScore  4077.6666666666665
 - Match 0 Score 4156  Chromosome =  [0.11676005 0.81311311 0.7216701  0.01565545 0.2747362  0.49094933
 0.5851043 ]
 - Match 1 Score 1335  Chromosome =  [0.11676005 0.81311311 0.7216701  0.01565545 0.2747362  0.49094933
 0.5851043 ]
 - Match 2 Score 5870  Chromosome =  [0.11676005 0.81311311 0.7216701  0.01565545 0.2747362  0.49094933
 0.5851043 ]
Gen  2  Run  13  AvgScore  3787.0
 - Match 0 Score 5725  Chromosome =  [0.94262248 0.68304023 0.72319684 0.51298471 0.87743203 0.19746384
 0.13332727]
 - Match 1 Score 4966  Chromosome =  [0.94262248 0.68304023 0.72319684 0.51298471 0.87743203 0.19746384
 0.13332727]
 - Match 2 Score 3031  Chromosome =  [0.94262248 0.68304023 0.72319684 0.51298471 0.87743203 0.19746384
 0.13332727]
Gen  2  Run  14  AvgScore  4574.0
 - Match 0 Score 1940  Chromosome =  [0.49781477317712025, 0.6670899545606027, 0.45506620595932323, 0.6701828025714172, 0.7442506002974054, 0.4629239816502341, 0.4736804331130972]
 - Match 1 Score 1672  Chromosome =  [0.49781477317712025, 0.6670899545606027, 0.45506620595932323, 0.6701828025714172, 0.7442506002974054, 0.4629239816502341, 0.4736804331130972]
 - Match 2 Score 642  Chromosome =  [0.49781477317712025, 0.6670899545606027, 0.45506620595932323, 0.6701828025714172, 0.7442506002974054, 0.4629239816502341, 0.4736804331130972]
Gen  2  Run  15  AvgScore  1418.0
Full Generation =  [[0.1588928534162653, 0.9838389212891148, 0.6406742387539643, 0.7330616678325781, 0.7141292578740679, 0.5259663698026734, 0.722558124993598], [0.6276292456416621, 1.013709154716944, 0.7370924160659522, 1.0318142310748353, 0.5438614995981608, 0.396255108724707, 0.45970133546134456], [0.3092388254540333, 0.8218911286272588, 0.6031401061314068, 0.07926495522360161, 0.27582371384269455, 0.43054112373512754, 0.6576607112521278], [0.7202186273551511, 0.6750650939206465, 0.5891315206344037, 0.5915837566268851, 0.8108413141769677, 0.3301939132057952, 0.3035038497263257], [0.3419715319702998, 0.6511396758405151, 0.36536490247401543, 0.8338609146215265, 0.6110691725382809, 1.0645132866406493, 0.6494923889743567], [0.6383691974407955, 0.5847564664097311, 0.3169445976535926, 0.672653065513007, 0.5613030723828074, 0.5628673619851698, 0.7781831694507801], [0.7061524068060989, 0.5385151337144738, 1.004656721451048, 0.6872910138302865, 0.659148358173955, 0.4723432478293149, 0.3850991165536989], [0.44365576681411134, 0.26717495344151054, 0.57266763664601, 0.550203797716537, 0.5440722154326654, 0.41094280079784185, 0.9307128770178019], array([0.02232935, 0.98848471, 0.64067424, 0.71290389, 0.68262677,
       0.12022392, 0.61538659]), [0.29545635343688603, 0.9791931299278317, 0.8151244811416254, 0.7532194467333564, 0.7456317485178071, 0.7317088198507906, 0.8297296590374418], array([0.36858335, 0.97919313, 0.98957472, 0.793535  , 0.80863673,
       0.54319372, 0.04407273]), array([0.88667514, 0.84822518, 0.48461011, 0.27009346, 0.27908627,
       0.2493165 , 0.87532994]), [0.5017175962377545, 0.8306691455868578, 0.6031401061314068, 0.14287445602065363, 0.2769112323588084, 0.37013291499088136, 0.7302171221006051], array([0.11676005, 0.81311311, 0.7216701 , 0.01565545, 0.2747362 ,
       0.49094933, 0.5851043 ]), array([0.94262248, 0.68304023, 0.72319684, 0.51298471, 0.87743203,
       0.19746384, 0.13332727]), [0.49781477317712025, 0.6670899545606027, 0.45506620595932323, 0.6701828025714172, 0.7442506002974054, 0.4629239816502341, 0.4736804331130972]]
end gen: 2
16
start gen: 3
 - Match 0 Score 1835  Chromosome =  [0.32497929951865334, 1.0010969336836708, 0.6888833274099583, 0.7129038889317998, 0.6826267672303286, 0.25823951423963165, 0.5375439632055493]
 - Match 1 Score 4045  Chromosome =  [0.32497929951865334, 1.0010969336836708, 0.6888833274099583, 0.7129038889317998, 0.6826267672303286, 0.25823951423963165, 0.5375439632055493]
 - Match 2 Score 2571  Chromosome =  [0.32497929951865334, 1.0010969336836708, 0.6888833274099583, 0.7129038889317998, 0.6826267672303286, 0.25823951423963165, 0.5375439632055493]
Gen  3  Run  0  AvgScore  2817.0
 - Match 0 Score 1383  Chromosome =  [0.22717460342657567, 0.9815160256084732, 0.7278993599477949, 1.0431405572829673, 0.7141292578740679, 0.628837594826732, 0.7761438920155199]
 - Match 1 Score 1243  Chromosome =  [0.22717460342657567, 0.9815160256084732, 0.7278993599477949, 1.0431405572829673, 0.7141292578740679, 0.628837594826732, 0.7761438920155199]
 - Match 2 Score 657  Chromosome =  [0.22717460342657567, 0.9815160256084732, 0.7278993599477949, 1.0431405572829673, 0.7141292578740679, 0.628837594826732, 0.7761438920155199]
Gen  3  Run  1  AvgScore  1094.3333333333333
 - Match 0 Score 2148  Chromosome =  [0.6276292456416621, 0.9137091547169438, 0.7370924160659522, 0.5318142310748353, 0.279086269391036, 0.396255108724707, 0.45970133546134456]
 - Match 1 Score 3265  Chromosome =  [0.6276292456416621, 0.9137091547169438, 0.7370924160659522, 0.5318142310748353, 0.279086269391036, 0.396255108724707, 0.45970133546134456]
 - Match 2 Score 1819  Chromosome =  [0.6276292456416621, 0.9137091547169438, 0.7370924160659522, 0.5318142310748353, 0.279086269391036, 0.396255108724707, 0.45970133546134456]
Gen  3  Run  2  AvgScore  2410.6666666666665
 - Match 0 Score 2622  Chromosome =  [0.5017175962377545, 0.8262801371070583, 0.6031401061314068, 0.11106970562212762, 0.2763674731007515, 0.4003370193630045, 0.6939389166763664]
 - Match 1 Score 2649  Chromosome =  [0.5017175962377545, 0.8262801371070583, 0.6031401061314068, 0.11106970562212762, 0.2763674731007515, 0.4003370193630045, 0.6939389166763664]
 - Match 2 Score 3926  Chromosome =  [0.5017175962377545, 0.8262801371070583, 0.6031401061314068, 0.11106970562212762, 0.2763674731007515, 0.4003370193630045, 0.6939389166763664]
Gen  3  Run  3  AvgScore  3065.6666666666665
 - Match 0 Score 2830  Chromosome =  [0.529691268101747, 0.748076672474175, 0.7224334694848398, 0.2643200825544513, 0.2747361953265808, 0.3442065886203651, 0.3592157833716023]
 - Match 1 Score 2110  Chromosome =  [0.529691268101747, 0.748076672474175, 0.7224334694848398, 0.2643200825544513, 0.2747361953265808, 0.3442065886203651, 0.3592157833716023]
 - Match 2 Score 6435  Chromosome =  [0.529691268101747, 0.748076672474175, 0.7224334694848398, 0.2643200825544513, 0.2747361953265808, 0.3442065886203651, 0.3592157833716023]
Gen  3  Run  4  AvgScore  3791.6666666666665
 - Match 0 Score 763  Chromosome =  [0.6090167002661356, 0.6710775242406246, 0.5220988632968635, 0.6308832795991511, 0.8108413141769677, 0.3301939132057952, 0.4736804331130972]
 - Match 1 Score 1525  Chromosome =  [0.6090167002661356, 0.6710775242406246, 0.5220988632968635, 0.6308832795991511, 0.8108413141769677, 0.3301939132057952, 0.4736804331130972]
 - Match 2 Score 1507  Chromosome =  [0.6090167002661356, 0.6710775242406246, 0.5220988632968635, 0.6308832795991511, 0.8108413141769677, 0.3301939132057952, 0.4736804331130972]
Gen  3  Run  5  AvgScore  1265.0
 - Match 0 Score 230  Chromosome =  [0.49017036470554765, 0.6179480711251231, 0.341154750063804, 0.7532569900672668, 0.5861861224605441, 0.8136903243129096, 0.7138377792125684]
 - Match 1 Score 395  Chromosome =  [0.49017036470554765, 0.6179480711251231, 0.341154750063804, 0.7532569900672668, 0.5861861224605441, 0.8136903243129096, 0.7138377792125684]
 - Match 2 Score 2180  Chromosome =  [0.49017036470554765, 0.6179480711251231, 0.341154750063804, 0.7532569900672668, 0.5861861224605441, 0.8136903243129096, 0.7138377792125684]
Gen  3  Run  6  AvgScore  935.0
 - Match 0 Score 476  Chromosome =  [0.5749040868101052, 0.40284504357799217, 0.788662179048529, 0.6187474057734117, 0.6016102868033102, 0.5416430243135784, 0.6579059967857503]
 - Match 1 Score 930  Chromosome =  [0.5749040868101052, 0.40284504357799217, 0.788662179048529, 0.6187474057734117, 0.6016102868033102, 0.5416430243135784, 0.6579059967857503]
 - Match 2 Score 995  Chromosome =  [0.5749040868101052, 0.40284504357799217, 0.788662179048529, 0.6187474057734117, 0.6016102868033102, 0.5416430243135784, 0.6579059967857503]
Gen  3  Run  7  AvgScore  800.3333333333334
 - Match 0 Score 1881  Chromosome =  [0.6276292456416621, 1.013709154716944, 0.7370924160659522, 1.0318142310748353, 0.5438614995981608, 0.396255108724707, 0.45970133546134456]
 - Match 1 Score 2085  Chromosome =  [0.6276292456416621, 1.013709154716944, 0.7370924160659522, 1.0318142310748353, 0.5438614995981608, 0.396255108724707, 0.45970133546134456]
 - Match 2 Score 3888  Chromosome =  [0.6276292456416621, 1.013709154716944, 0.7370924160659522, 1.0318142310748353, 0.5438614995981608, 0.396255108724707, 0.45970133546134456]
Gen  3  Run  8  AvgScore  2618.0
 - Match 0 Score 556  Chromosome =  [0.02232935 0.98848471 0.64067424 0.71290389 0.68262677 0.12022392
 0.61538659]
 - Match 1 Score 3472  Chromosome =  [0.02232935 0.98848471 0.64067424 0.71290389 0.68262677 0.12022392
 0.61538659]
 - Match 2 Score 3174  Chromosome =  [0.02232935 0.98848471 0.64067424 0.71290389 0.68262677 0.12022392
 0.61538659]
Gen  3  Run  9  AvgScore  2400.6666666666665
 - Match 0 Score 1033  Chromosome =  [0.1588928534162653, 0.9838389212891148, 0.6406742387539643, 0.7330616678325781, 0.7141292578740679, 0.5259663698026734, 0.722558124993598]
 - Match 1 Score 2259  Chromosome =  [0.1588928534162653, 0.9838389212891148, 0.6406742387539643, 0.7330616678325781, 0.7141292578740679, 0.5259663698026734, 0.722558124993598]
 - Match 2 Score 1553  Chromosome =  [0.1588928534162653, 0.9838389212891148, 0.6406742387539643, 0.7330616678325781, 0.7141292578740679, 0.5259663698026734, 0.722558124993598]
Gen  3  Run  10  AvgScore  1615.0
 - Match 0 Score 1616  Chromosome =  [0.29545635343688603, 0.9791931299278317, 0.8151244811416254, 0.7532194467333564, 0.7456317485178071, 0.7317088198507906, 0.8297296590374418]
 - Match 1 Score 1388  Chromosome =  [0.29545635343688603, 0.9791931299278317, 0.8151244811416254, 0.7532194467333564, 0.7456317485178071, 0.7317088198507906, 0.8297296590374418]
 - Match 2 Score 516  Chromosome =  [0.29545635343688603, 0.9791931299278317, 0.8151244811416254, 0.7532194467333564, 0.7456317485178071, 0.7317088198507906, 0.8297296590374418]
Gen  3  Run  11  AvgScore  1173.3333333333333
 - Match 0 Score 642  Chromosome =  [0.36858335 0.97919313 0.98957472 0.793535   0.80863673 0.54319372
 0.04407273]
 - Match 1 Score 4318  Chromosome =  [0.36858335 0.97919313 0.98957472 0.793535   0.80863673 0.54319372
 0.04407273]
 - Match 2 Score 1092  Chromosome =  [0.36858335 0.97919313 0.98957472 0.793535   0.80863673 0.54319372
 0.04407273]
Gen  3  Run  12  AvgScore  2017.3333333333333
 - Match 0 Score 6841  Chromosome =  [0.88667514 0.84822518 0.48461011 0.27009346 0.27908627 0.2493165
 0.87532994]
 - Match 1 Score 7819  Chromosome =  [0.88667514 0.84822518 0.48461011 0.27009346 0.27908627 0.2493165
 0.87532994]
 - Match 2 Score 4224  Chromosome =  [0.88667514 0.84822518 0.48461011 0.27009346 0.27908627 0.2493165
 0.87532994]
Gen  3  Run  13  AvgScore  6294.666666666667
 - Match 0 Score 4165  Chromosome =  [0.5017175962377545, 0.8306691455868578, 0.6031401061314068, 0.14287445602065363, 0.2769112323588084, 0.37013291499088136, 0.7302171221006051]
 - Match 1 Score 3275  Chromosome =  [0.5017175962377545, 0.8306691455868578, 0.6031401061314068, 0.14287445602065363, 0.2769112323588084, 0.37013291499088136, 0.7302171221006051]
 - Match 2 Score 1964  Chromosome =  [0.5017175962377545, 0.8306691455868578, 0.6031401061314068, 0.14287445602065363, 0.2769112323588084, 0.37013291499088136, 0.7302171221006051]
Gen  3  Run  14  AvgScore  3134.6666666666665
 - Match 0 Score 1708  Chromosome =  [0.3092388254540333, 0.8218911286272588, 0.6031401061314068, 0.07926495522360161, 0.27582371384269455, 0.43054112373512754, 0.6576607112521278]
 - Match 1 Score 3589  Chromosome =  [0.3092388254540333, 0.8218911286272588, 0.6031401061314068, 0.07926495522360161, 0.27582371384269455, 0.43054112373512754, 0.6576607112521278]
 - Match 2 Score 3000  Chromosome =  [0.3092388254540333, 0.8218911286272588, 0.6031401061314068, 0.07926495522360161, 0.27582371384269455, 0.43054112373512754, 0.6576607112521278]
Gen  3  Run  15  AvgScore  2765.6666666666665
Full Generation =  [[0.32497929951865334, 1.0010969336836708, 0.6888833274099583, 0.7129038889317998, 0.6826267672303286, 0.25823951423963165, 0.5375439632055493], [0.22717460342657567, 0.9815160256084732, 0.7278993599477949, 1.0431405572829673, 0.7141292578740679, 0.628837594826732, 0.7761438920155199], [0.6276292456416621, 0.9137091547169438, 0.7370924160659522, 0.5318142310748353, 0.279086269391036, 0.396255108724707, 0.45970133546134456], [0.5017175962377545, 0.8262801371070583, 0.6031401061314068, 0.11106970562212762, 0.2763674731007515, 0.4003370193630045, 0.6939389166763664], [0.529691268101747, 0.748076672474175, 0.7224334694848398, 0.2643200825544513, 0.2747361953265808, 0.3442065886203651, 0.3592157833716023], [0.6090167002661356, 0.6710775242406246, 0.5220988632968635, 0.6308832795991511, 0.8108413141769677, 0.3301939132057952, 0.4736804331130972], [0.49017036470554765, 0.6179480711251231, 0.341154750063804, 0.7532569900672668, 0.5861861224605441, 0.8136903243129096, 0.7138377792125684], [0.5749040868101052, 0.40284504357799217, 0.788662179048529, 0.6187474057734117, 0.6016102868033102, 0.5416430243135784, 0.6579059967857503], [0.6276292456416621, 1.013709154716944, 0.7370924160659522, 1.0318142310748353, 0.5438614995981608, 0.396255108724707, 0.45970133546134456], array([0.02232935, 0.98848471, 0.64067424, 0.71290389, 0.68262677,
       0.12022392, 0.61538659]), [0.1588928534162653, 0.9838389212891148, 0.6406742387539643, 0.7330616678325781, 0.7141292578740679, 0.5259663698026734, 0.722558124993598], [0.29545635343688603, 0.9791931299278317, 0.8151244811416254, 0.7532194467333564, 0.7456317485178071, 0.7317088198507906, 0.8297296590374418], array([0.36858335, 0.97919313, 0.98957472, 0.793535  , 0.80863673,
       0.54319372, 0.04407273]), array([0.88667514, 0.84822518, 0.48461011, 0.27009346, 0.27908627,
       0.2493165 , 0.87532994]), [0.5017175962377545, 0.8306691455868578, 0.6031401061314068, 0.14287445602065363, 0.2769112323588084, 0.37013291499088136, 0.7302171221006051], [0.3092388254540333, 0.8218911286272588, 0.6031401061314068, 0.07926495522360161, 0.27582371384269455, 0.43054112373512754, 0.6576607112521278]]
end gen: 3
1
