start creation gen:0
end creation gen0
start gen: 0
 - Match 0 Score 785  Chromosome =  [1.38373335 0.47106883 0.16182886 0.42239058 0.4641187  0.85901202
 0.27442039]
 - Match 1 Score 435  Chromosome =  [1.38373335 0.47106883 0.16182886 0.42239058 0.4641187  0.85901202
 0.27442039]
 - Match 2 Score 948  Chromosome =  [1.38373335 0.47106883 0.16182886 0.42239058 0.4641187  0.85901202
 0.27442039]
Gen  0  Run  0  AvgScore  722.6666666666666
 - Match 0 Score 454  Chromosome =  [0.81302088 0.09900079 0.01801209 0.22685078 0.72176735 0.5054702
 0.502669  ]
 - Match 1 Score 477  Chromosome =  [0.81302088 0.09900079 0.01801209 0.22685078 0.72176735 0.5054702
 0.502669  ]
 - Match 2 Score 619  Chromosome =  [0.81302088 0.09900079 0.01801209 0.22685078 0.72176735 0.5054702
 0.502669  ]
Gen  0  Run  1  AvgScore  516.6666666666666
 - Match 0 Score 745  Chromosome =  [0.47398242 0.53918473 0.86366573 0.08881553 0.46878212 0.85056559
 0.14816562]
 - Match 1 Score 454  Chromosome =  [0.47398242 0.53918473 0.86366573 0.08881553 0.46878212 0.85056559
 0.14816562]
 - Match 2 Score 760  Chromosome =  [0.47398242 0.53918473 0.86366573 0.08881553 0.46878212 0.85056559
 0.14816562]
Gen  0  Run  2  AvgScore  653.0
 - Match 0 Score 1833  Chromosome =  [1.75377471 0.28995399 0.28333121 0.72896066 0.15359653 0.34862292
 0.32417756]
 - Match 1 Score 1072  Chromosome =  [1.75377471 0.28995399 0.28333121 0.72896066 0.15359653 0.34862292
 0.32417756]
 - Match 2 Score 2299  Chromosome =  [1.75377471 0.28995399 0.28333121 0.72896066 0.15359653 0.34862292
 0.32417756]
Gen  0  Run  3  AvgScore  1734.6666666666667
Full Generation =  [array([1.38373335, 0.47106883, 0.16182886, 0.42239058, 0.4641187 ,
       0.85901202, 0.27442039]), array([0.81302088, 0.09900079, 0.01801209, 0.22685078, 0.72176735,
       0.5054702 , 0.502669  ]), array([0.47398242, 0.53918473, 0.86366573, 0.08881553, 0.46878212,
       0.85056559, 0.14816562]), array([1.75377471, 0.28995399, 0.28333121, 0.72896066, 0.15359653,
       0.34862292, 0.32417756])]
end gen: 0
7
start gen: 1
