start creation gen:0
end creation gen0
start gen: 0
 - Match 0 Score 187  Chromosome =  [0.23832646 0.00915731 0.77566061 0.16033716 0.23595481 0.33252932 0.17090893]
 - Match 1 Score 185  Chromosome =  [0.23832646 0.00915731 0.77566061 0.16033716 0.23595481 0.33252932 0.17090893]
 - Match 2 Score 249  Chromosome =  [0.23832646 0.00915731 0.77566061 0.16033716 0.23595481 0.33252932 0.17090893]
Gen  0  Run  0  AvgScore  207.0
 - Match 0 Score 899  Chromosome =  [0.64113737 0.74995981 0.68620901 0.67297458 0.63071918 0.10699336 0.95893476]
 - Match 1 Score 21  Chromosome =  [0.64113737 0.74995981 0.68620901 0.67297458 0.63071918 0.10699336 0.95893476]
 - Match 2 Score 17  Chromosome =  [0.64113737 0.74995981 0.68620901 0.67297458 0.63071918 0.10699336 0.95893476]
Gen  0  Run  1  AvgScore  312.3333333333333
 - Match 0 Score 479  Chromosome =  [0.29966157 0.2098419  0.71030161 0.86247371 0.72316617 0.56233016 0.00180552]
 - Match 1 Score 271  Chromosome =  [0.29966157 0.2098419  0.71030161 0.86247371 0.72316617 0.56233016 0.00180552]
 - Match 2 Score 274  Chromosome =  [0.29966157 0.2098419  0.71030161 0.86247371 0.72316617 0.56233016 0.00180552]
Gen  0  Run  2  AvgScore  341.3333333333333
 - Match 0 Score 26450  Chromosome =  [0.67451651 0.88591335 0.6481023  0.41053256 0.24158418 0.45396528 0.53347774]
 - Match 1 Score 6201  Chromosome =  [0.67451651 0.88591335 0.6481023  0.41053256 0.24158418 0.45396528 0.53347774]
 - Match 2 Score 1254  Chromosome =  [0.67451651 0.88591335 0.6481023  0.41053256 0.24158418 0.45396528 0.53347774]
Gen  0  Run  3  AvgScore  11301.666666666666
 - Match 0 Score 1391  Chromosome =  [0.44952331 0.7735423  0.41022413 0.06824452 0.64315628 0.85705601 0.47284035]
 - Match 1 Score 1725  Chromosome =  [0.44952331 0.7735423  0.41022413 0.06824452 0.64315628 0.85705601 0.47284035]
 - Match 2 Score 2817  Chromosome =  [0.44952331 0.7735423  0.41022413 0.06824452 0.64315628 0.85705601 0.47284035]
Gen  0  Run  4  AvgScore  1977.6666666666667
 - Match 0 Score 420  Chromosome =  [0.81896745 0.16597511 0.85489815 0.22662005 0.42240488 0.94488576 0.21668131]
 - Match 1 Score 521  Chromosome =  [0.81896745 0.16597511 0.85489815 0.22662005 0.42240488 0.94488576 0.21668131]
 - Match 2 Score 771  Chromosome =  [0.81896745 0.16597511 0.85489815 0.22662005 0.42240488 0.94488576 0.21668131]
Gen  0  Run  5  AvgScore  570.6666666666666
 - Match 0 Score 913  Chromosome =  [0.41721523 0.63036851 0.01667098 0.82174425 0.69205132 0.79130703 0.50732158]
 - Match 1 Score 474  Chromosome =  [0.41721523 0.63036851 0.01667098 0.82174425 0.69205132 0.79130703 0.50732158]
 - Match 2 Score 996  Chromosome =  [0.41721523 0.63036851 0.01667098 0.82174425 0.69205132 0.79130703 0.50732158]
Gen  0  Run  6  AvgScore  794.3333333333334
 - Match 0 Score 1852  Chromosome =  [0.58962059 0.75733896 0.45363027 0.78289604 0.68521606 0.20815108 0.81717217]
 - Match 1 Score 2769  Chromosome =  [0.58962059 0.75733896 0.45363027 0.78289604 0.68521606 0.20815108 0.81717217]
 - Match 2 Score 822  Chromosome =  [0.58962059 0.75733896 0.45363027 0.78289604 0.68521606 0.20815108 0.81717217]
Gen  0  Run  7  AvgScore  1814.3333333333333
Full Generation =  [
array([0.23832646, 0.00915731, 0.77566061, 0.16033716, 0.23595481, 0.33252932, 0.17090893]),
array([0.64113737, 0.74995981, 0.68620901, 0.67297458, 0.63071918, 0.10699336, 0.95893476]),
array([0.29966157, 0.2098419 , 0.71030161, 0.86247371, 0.72316617, 0.56233016, 0.00180552]),
array([0.67451651, 0.88591335, 0.6481023 , 0.41053256, 0.24158418, 0.45396528, 0.53347774]),
array([0.44952331, 0.7735423 , 0.41022413, 0.06824452, 0.64315628, 0.85705601, 0.47284035]),
array([0.81896745, 0.16597511, 0.85489815, 0.22662005, 0.42240488, 0.94488576, 0.21668131]),
array([0.41721523, 0.63036851, 0.01667098, 0.82174425, 0.69205132, 0.79130703, 0.50732158]),
array([0.58962059, 0.75733896, 0.45363027, 0.78289604, 0.68521606, 0.20815108, 0.81717217])]
end gen: 0
1
end training
